<?xml version="1.0" encoding="UTF-8"?>
<!-- Generated by org.testng.reporters.JUnitReportReporter -->
<testsuite hostname="LAPTOP-BB4IREFN" failures="0" tests="3" name="runner.Testrunner" time="17.921" errors="0" timestamp="2024-02-06T13:33:30 IST" skipped="0">
  <testcase classname="runner.Testrunner" name="runScenario" time="7.409"/>
  <testcase classname="runner.Testrunner" name="runScenario" time="4.449"/>
  <testcase classname="runner.Testrunner" name="runScenario" time="6.063"/>
</testsuite> <!-- runner.Testrunner -->
